<?xml version="1.0" encoding="UTF-8"?>
<!-- Generated by org.testng.reporters.JUnitReportReporter -->
<testsuite skipped="0" hostname="DESKTOP-717NG9L" name="com.training.sanity.tests.LostYourPasswordTests" tests="1" failures="0" timestamp="11 Sep 2019 08:11:28 GMT" time="40.673" errors="0">
  <testcase name="RETC_003" time="40.673" classname="com.training.sanity.tests.LostYourPasswordTests"/>
</testsuite> <!-- com.training.sanity.tests.LostYourPasswordTests -->
