<?xml version="1.0" encoding="UTF-8"?>
<!-- Generated by org.testng.reporters.JUnitReportReporter -->
<testsuite skipped="0" hostname="DESKTOP-717NG9L" name="com.training.sanity.tests.RegisterTests" tests="1" failures="0" timestamp="11 Sep 2019 08:29:33 GMT" time="24.427" errors="0">
  <testcase name="RETC_001" time="24.427" classname="com.training.sanity.tests.RegisterTests"/>
</testsuite> <!-- com.training.sanity.tests.RegisterTests -->
