<?xml version="1.0" encoding="UTF-8"?>
<!-- Generated by org.testng.reporters.JUnitReportReporter -->
<testsuite skipped="0" hostname="DESKTOP-717NG9L" name="com.training.regression.tests.RegisterDBTest" tests="3" failures="0" timestamp="19 Sep 2019 08:40:57 GMT" time="53.504" errors="0">
  <testcase name="registerDBTest" time="18.448" classname="com.training.regression.tests.RegisterDBTest"/>
  <testcase name="registerDBTest" time="17.460" classname="com.training.regression.tests.RegisterDBTest"/>
  <testcase name="registerDBTest" time="17.596" classname="com.training.regression.tests.RegisterDBTest"/>
</testsuite> <!-- com.training.regression.tests.RegisterDBTest -->
