<?xml version="1.0" encoding="UTF-8"?>
<!-- Generated by org.testng.reporters.JUnitReportReporter -->
<testsuite skipped="0" hostname="DESKTOP-717NG9L" name="com.training.sanity.tests.LostYourPasswordTests" tests="1" failures="0" timestamp="08 Sep 2019 14:23:23 GMT" time="29.243" errors="0">
  <testcase name="RETC_003" time="29.243" classname="com.training.sanity.tests.LostYourPasswordTests"/>
</testsuite> <!-- com.training.sanity.tests.LostYourPasswordTests -->
