<?xml version="1.0" encoding="UTF-8"?>
<!-- Generated by org.testng.reporters.JUnitReportReporter -->
<testsuite skipped="0" hostname="DESKTOP-717NG9L" name="com.training.regression.tests.RegisterExcelTest" tests="4" failures="0" timestamp="16 Sep 2019 08:37:44 GMT" time="65.539" errors="0">
  <testcase name="registerExcelTest" time="22.866" classname="com.training.regression.tests.RegisterExcelTest"/>
  <testcase name="registerExcelTest" time="12.566" classname="com.training.regression.tests.RegisterExcelTest"/>
  <testcase name="registerExcelTest" time="13.138" classname="com.training.regression.tests.RegisterExcelTest"/>
  <testcase name="registerExcelTest" time="16.969" classname="com.training.regression.tests.RegisterExcelTest"/>
</testsuite> <!-- com.training.regression.tests.RegisterExcelTest -->
