<?xml version="1.0" encoding="UTF-8"?>
<!-- Generated by org.testng.reporters.JUnitReportReporter -->
<testsuite skipped="0" hostname="DESKTOP-717NG9L" name="com.training.sanity.tests.LoginTests" tests="1" failures="0" timestamp="11 Sep 2019 08:39:57 GMT" time="26.053" errors="0">
  <testcase name="RETC_002" time="26.053" classname="com.training.sanity.tests.LoginTests"/>
</testsuite> <!-- com.training.sanity.tests.LoginTests -->
