<?xml version="1.0" encoding="UTF-8"?>
<!-- Generated by org.testng.reporters.JUnitReportReporter -->
<testsuite skipped="0" hostname="DESKTOP-717NG9L" name="com.training.sanity.tests.LoanCalculationTests" tests="1" failures="0" timestamp="11 Sep 2019 07:59:57 GMT" time="58.537" errors="0">
  <testcase name="loanCalculation" time="58.537" classname="com.training.sanity.tests.LoanCalculationTests"/>
</testsuite> <!-- com.training.sanity.tests.LoanCalculationTests -->
