<?xml version="1.0" encoding="UTF-8"?>
<!-- Generated by org.testng.reporters.JUnitReportReporter -->
<testsuite skipped="0" hostname="DESKTOP-717NG9L" name="com.training.sanity.tests.AddPropertyTests" tests="1" failures="0" timestamp="09 Sep 2019 09:48:28 GMT" time="28.652" errors="0">
  <testcase name="addProperty" time="28.652" classname="com.training.sanity.tests.AddPropertyTests"/>
</testsuite> <!-- com.training.sanity.tests.AddPropertyTests -->
