<?xml version="1.0" encoding="UTF-8"?>
<!-- Generated by org.testng.reporters.JUnitReportReporter -->
<testsuite skipped="0" hostname="DESKTOP-717NG9L" name="com.training.sanity.tests.LoginTests" tests="1" failures="0" timestamp="09 Sep 2019 06:44:34 GMT" time="23.368" errors="0">
  <testcase name="RETC_002" time="23.368" classname="com.training.sanity.tests.LoginTests"/>
</testsuite> <!-- com.training.sanity.tests.LoginTests -->
