<?xml version="1.0" encoding="UTF-8"?>
<!-- Generated by org.testng.reporters.JUnitReportReporter -->
<testsuite skipped="0" hostname="DESKTOP-717NG9L" name="com.training.sanity.tests.LoanCalculationTests" tests="1" failures="0" timestamp="10 Sep 2019 08:20:21 GMT" time="96.913" errors="0">
  <testcase name="loanCalculation" time="96.913" classname="com.training.sanity.tests.LoanCalculationTests"/>
</testsuite> <!-- com.training.sanity.tests.LoanCalculationTests -->
