<?xml version="1.0" encoding="UTF-8"?>
<!-- Generated by org.testng.reporters.JUnitReportReporter -->
<testsuite skipped="0" hostname="DESKTOP-717NG9L" name="com.training.regression.tests.LoginExcelTest" tests="2" failures="0" timestamp="16 Sep 2019 08:14:18 GMT" time="51.223" errors="0">
  <testcase name="loginDBTest" time="37.459" classname="com.training.regression.tests.LoginExcelTest"/>
  <testcase name="loginDBTest" time="13.764" classname="com.training.regression.tests.LoginExcelTest"/>
</testsuite> <!-- com.training.regression.tests.LoginExcelTest -->
