<?xml version="1.0" encoding="UTF-8"?>
<!-- Generated by org.testng.reporters.JUnitReportReporter -->
<testsuite skipped="0" hostname="DESKTOP-717NG9L" name="com.training.sanity.tests.AddNewPropertyTests" tests="1" failures="0" timestamp="11 Sep 2019 08:09:38 GMT" time="28.233" errors="0">
  <testcase name="addNewProperty" time="28.233" classname="com.training.sanity.tests.AddNewPropertyTests"/>
</testsuite> <!-- com.training.sanity.tests.AddNewPropertyTests -->
