<?xml version="1.0" encoding="UTF-8"?>
<!-- Generated by org.testng.reporters.JUnitReportReporter -->
<testsuite hostname="DESKTOP-2IAI0EH" name="com.training.sanity.tests.RegisterTests" tests="1" failures="0" timestamp="2 Sep 2019 15:25:32 GMT" time="42.515" errors="0">
  <testcase name="RETC_001" time="42.515" classname="com.training.sanity.tests.RegisterTests"/>
</testsuite> <!-- com.training.sanity.tests.RegisterTests -->
